<?xml version="1.0" encoding="UTF-8"?>
<!-- Generated by org.testng.reporters.JUnitXMLReporter -->
<testsuite ignored="1" hostname="Ifeanyi" failures="1" tests="1" name="otpTest" time="8.03" errors="0" timestamp="13 Sep 2022 19:46:29 GMT">
  <testcase classname="testCases.OtpTest" name="otpInput" time="0.012">
    <failure type="java.lang.ClassCastException" message="class org.json.simple.JSONObject cannot be cast to class org.json.JSONObject (org.json.simple.JSONObject and org.json.JSONObject are in unnamed module of loader &amp;apos;app&amp;apos;)">
      <![CDATA[java.lang.ClassCastException: class org.json.simple.JSONObject cannot be cast to class org.json.JSONObject (org.json.simple.JSONObject and org.json.JSONObject are in unnamed module of loader 'app')
at testCases.OtpTest.otpInput(OtpTest.java:21)
at java.base/java.util.concurrent.FutureTask.run(FutureTask.java:264)
at java.base/java.util.concurrent.ThreadPoolExecutor.runWorker(ThreadPoolExecutor.java:1130)
at java.base/java.util.concurrent.ThreadPoolExecutor$Worker.run(ThreadPoolExecutor.java:630)
at java.base/java.lang.Thread.run(Thread.java:832)
... Removed 16 stack frames]]>
    </failure>
  </testcase> <!-- otpInput -->
  <testcase classname="util.TestBase" name="LandingPageTest" time="0.0">
    <ignored/>
  </testcase> <!-- LandingPageTest -->
</testsuite> <!-- otpTest -->
