<?xml version="1.0" encoding="UTF-8"?>
<!-- Generated by org.testng.reporters.JUnitXMLReporter -->
<testsuite ignored="0" hostname="DESKTOP-MA1PQRQ" failures="0" tests="5" name="FXTransferToOtherBanks" time="156.196" errors="0" timestamp="07 Jun 2022 09:56:01 GMT">
  <testcase classname="util.TestBase" name="Login" time="27.454"/>
  <testcase classname="util.TestBase" name="ClickOnProceedToInternetBankingButtonTest" time="15.152"/>
  <testcase classname="testCases.FXTransferToOtherBanks" name="navigateToTransferToOtherBanksTest" time="7.647"/>
  <testcase classname="testCases.FXTransferToOtherBanks" name="transferValidationTest" time="1.249"/>
  <testcase classname="testCases.FXTransferToOtherBanks" name="savedOtherBanksBeneficiaryTest" time="83.825"/>
</testsuite> <!-- FXTransferToOtherBanks -->
