<?xml version="1.0" encoding="UTF-8"?>
<!-- Generated by org.testng.reporters.JUnitXMLReporter -->
<testsuite ignored="0" hostname="DESKTOP-MA1PQRQ" failures="0" tests="6" name="FXTransferToGTBank" time="195.464" errors="0" timestamp="07 Jun 2022 09:53:25 GMT">
  <testcase classname="util.TestBase" name="Login" time="40.927"/>
  <testcase classname="util.TestBase" name="ClickOnProceedToInternetBankingButtonTest" time="25.163"/>
  <testcase classname="testCases.FXTransferToGTBank" name="navigateToFXTransferToGTBankTest" time="8.912"/>
  <testcase classname="testCases.FXTransferToGTBank" name="transferValidationTest" time="1.824"/>
  <testcase classname="testCases.FXTransferToGTBank" name="savedBeneficiaryTest" time="34.559"/>
  <testcase classname="testCases.FXTransferToGTBank" name="newBeneficiaryTest" time="45.441"/>
</testsuite> <!-- FXTransferToGTBank -->
