<?xml version="1.0" encoding="UTF-8"?>
<!-- Generated by org.testng.reporters.JUnitXMLReporter -->
<testsuite ignored="0" hostname="DESKTOP-MA1PQRQ" failures="0" tests="4" name="GTbankFXRate" time="64.943" errors="0" timestamp="14 Jun 2022 12:08:28 GMT">
  <testcase classname="util.TestBase" name="Login" time="21.101"/>
  <testcase classname="util.TestBase" name="ClickOnProceedToInternetBankingButtonTest" time="24.266"/>
  <testcase classname="testCases.GTbankFXRate" name="navigateToGTBankFxRate" time="6.2"/>
  <testcase classname="testCases.GTbankFXRate" name="FXRatesVisibility" time="0.06"/>
</testsuite> <!-- GTbankFXRate -->
